*** Starting uWSGI 2.0.17 (64bit) on [Thu Mar 29 14:10:43 2018] ***
compiled with version: 5.4.0 20160609 on 28 March 2018 13:04:22
os: Linux-4.4.0-93-generic #116-Ubuntu SMP Fri Aug 11 21:17:51 UTC 2017
nodename: iZwz95x3abi9971tkagtf9Z
machine: x86_64
clock source: unix
pcre jit disabled
detected number of CPU cores: 1
current working directory: /home/admin/web/ishoe/ishoe
writing pidfile to uwsgi.pid
detected binary path: /usr/local/bin/uwsgi
uWSGI running as root, you can use --uid/--gid/--chroot options
*** WARNING: you are running uWSGI as root !!! (use the --uid flag) *** 
chdir() to /home/admin/web/ishoe/ishoe/
your processes number limit is 7857
your memory page size is 4096 bytes
detected max file descriptor number: 65535
lock engine: pthread robust mutexes
thunder lock: disabled (you can enable it with --thunder-lock)
uwsgi socket 0 bound to TCP address 127.0.0.1:8000 fd 3
uWSGI running as root, you can use --uid/--gid/--chroot options
*** WARNING: you are running uWSGI as root !!! (use the --uid flag) *** 
Python version: 2.7.12 (default, Dec  4 2017, 14:50:18)  [GCC 5.4.0 20160609]
Python main interpreter initialized at 0x259a7c0
uWSGI running as root, you can use --uid/--gid/--chroot options
*** WARNING: you are running uWSGI as root !!! (use the --uid flag) *** 
python threads support enabled
your server socket listen backlog is limited to 100 connections
your mercy for graceful operations on workers is 60 seconds
mapped 333376 bytes (325 KB) for 6 cores
*** Operational MODE: preforking+threaded ***
WSGI app 0 (mountpoint='') ready in 0 seconds on interpreter 0x259a7c0 pid: 31218 (default app)
uWSGI running as root, you can use --uid/--gid/--chroot options
*** WARNING: you are running uWSGI as root !!! (use the --uid flag) *** 
*** uWSGI is running in multiple interpreter mode ***
spawned uWSGI master process (pid: 31218)
spawned uWSGI worker 1 (pid: 31220, cores: 2)
spawned uWSGI worker 2 (pid: 31221, cores: 2)
spawned uWSGI worker 3 (pid: 31222, cores: 2)
*** Starting uWSGI 2.0.17 (64bit) on [Thu Mar 29 14:11:05 2018] ***
compiled with version: 5.4.0 20160609 on 28 March 2018 13:04:22
os: Linux-4.4.0-93-generic #116-Ubuntu SMP Fri Aug 11 21:17:51 UTC 2017
nodename: iZwz95x3abi9971tkagtf9Z
machine: x86_64
clock source: unix
pcre jit disabled
detected number of CPU cores: 1
current working directory: /home/admin/web/ishoe/ishoe
writing pidfile to uwsgi.pid
detected binary path: /usr/local/bin/uwsgi
uWSGI running as root, you can use --uid/--gid/--chroot options
*** WARNING: you are running uWSGI as root !!! (use the --uid flag) *** 
chdir() to /home/admin/web/ishoe/ishoe/
your processes number limit is 7857
your memory page size is 4096 bytes
detected max file descriptor number: 65535
lock engine: pthread robust mutexes
thunder lock: disabled (you can enable it with --thunder-lock)
probably another instance of uWSGI is running on the same address (127.0.0.1:8000).
bind(): Address already in use [core/socket.c line 769]
*** Starting uWSGI 2.0.17 (64bit) on [Thu Mar 29 14:15:53 2018] ***
compiled with version: 5.4.0 20160609 on 28 March 2018 13:04:22
os: Linux-4.4.0-93-generic #116-Ubuntu SMP Fri Aug 11 21:17:51 UTC 2017
nodename: iZwz95x3abi9971tkagtf9Z
machine: x86_64
clock source: unix
pcre jit disabled
detected number of CPU cores: 1
current working directory: /home/admin/web/ishoe/ishoe
writing pidfile to uwsgi.pid
detected binary path: /usr/local/bin/uwsgi
uWSGI running as root, you can use --uid/--gid/--chroot options
*** WARNING: you are running uWSGI as root !!! (use the --uid flag) *** 
chdir() to /home/admin/web/ishoe/ishoe/
your processes number limit is 7857
your memory page size is 4096 bytes
detected max file descriptor number: 65535
lock engine: pthread robust mutexes
thunder lock: disabled (you can enable it with --thunder-lock)
probably another instance of uWSGI is running on the same address (127.0.0.1:8000).
bind(): Address already in use [core/socket.c line 769]
Thu Mar 29 06:21:19 2018 - uWSGI worker 1 screams: UAAAAAAH my master disconnected: i will kill myself !!!
Thu Mar 29 06:21:19 2018 - uWSGI worker 3 screams: UAAAAAAH my master disconnected: i will kill myself !!!
Thu Mar 29 06:21:19 2018 - uWSGI worker 2 screams: UAAAAAAH my master disconnected: i will kill myself !!!
Thu Mar 29 06:21:19 2018 - uWSGI worker 1 screams: UAAAAAAH my master disconnected: i will kill myself !!!
Thu Mar 29 06:21:19 2018 - uWSGI worker 3 screams: UAAAAAAH my master disconnected: i will kill myself !!!
Thu Mar 29 06:21:19 2018 - uWSGI worker 2 screams: UAAAAAAH my master disconnected: i will kill myself !!!
*** Starting uWSGI 2.0.17 (64bit) on [Thu Mar 29 19:43:32 2018] ***
compiled with version: 5.4.0 20160609 on 28 March 2018 13:04:22
os: Linux-4.4.0-93-generic #116-Ubuntu SMP Fri Aug 11 21:17:51 UTC 2017
nodename: iZwz95x3abi9971tkagtf9Z
machine: x86_64
clock source: unix
pcre jit disabled
detected number of CPU cores: 1
current working directory: /home/admin/web/ishoe/ishoe
detected binary path: /usr/local/bin/uwsgi
uWSGI running as root, you can use --uid/--gid/--chroot options
*** WARNING: you are running uWSGI as root !!! (use the --uid flag) *** 
chdir() to /home/admin/web/ishoe/ishoe/
your processes number limit is 7857
your memory page size is 4096 bytes
detected max file descriptor number: 65535
lock engine: pthread robust mutexes
thunder lock: disabled (you can enable it with --thunder-lock)
uWSGI http bound on 0.0.0.0:8001 fd 4
uwsgi socket 0 bound to TCP address 127.0.0.1:38789 (port auto-assigned) fd 3
uWSGI running as root, you can use --uid/--gid/--chroot options
*** WARNING: you are running uWSGI as root !!! (use the --uid flag) *** 
Python version: 2.7.12 (default, Dec  4 2017, 14:50:18)  [GCC 5.4.0 20160609]
Python main interpreter initialized at 0x1348860
uWSGI running as root, you can use --uid/--gid/--chroot options
*** WARNING: you are running uWSGI as root !!! (use the --uid flag) *** 
python threads support enabled
your server socket listen backlog is limited to 100 connections
your mercy for graceful operations on workers is 60 seconds
mapped 824888 bytes (805 KB) for 6 cores
*** Operational MODE: preforking+threaded ***
WSGI app 0 (mountpoint='') ready in 0 seconds on interpreter 0x1348860 pid: 3427 (default app)
uWSGI running as root, you can use --uid/--gid/--chroot options
*** WARNING: you are running uWSGI as root !!! (use the --uid flag) *** 
*** uWSGI is running in multiple interpreter mode ***
spawned uWSGI master process (pid: 3427)
spawned uWSGI worker 1 (pid: 3429, cores: 2)
spawned uWSGI worker 2 (pid: 3430, cores: 2)
spawned uWSGI worker 3 (pid: 3431, cores: 2)
spawned uWSGI http 1 (pid: 3432)
*** Starting uWSGI 2.0.17 (64bit) on [Thu Mar 29 19:43:53 2018] ***
compiled with version: 5.4.0 20160609 on 28 March 2018 13:04:22
os: Linux-4.4.0-93-generic #116-Ubuntu SMP Fri Aug 11 21:17:51 UTC 2017
nodename: iZwz95x3abi9971tkagtf9Z
machine: x86_64
clock source: unix
pcre jit disabled
detected number of CPU cores: 1
current working directory: /home/admin/web/ishoe/ishoe
detected binary path: /usr/local/bin/uwsgi
uWSGI running as root, you can use --uid/--gid/--chroot options
*** WARNING: you are running uWSGI as root !!! (use the --uid flag) *** 
chdir() to /home/admin/web/ishoe/ishoe/
your processes number limit is 7857
your memory page size is 4096 bytes
detected max file descriptor number: 65535
lock engine: pthread robust mutexes
thunder lock: disabled (you can enable it with --thunder-lock)
probably another instance of uWSGI is running on the same address (0.0.0.0:8001).
bind(): Address already in use [core/socket.c line 769]
*** Starting uWSGI 2.0.17 (64bit) on [Thu Mar 29 19:44:53 2018] ***
compiled with version: 5.4.0 20160609 on 28 March 2018 13:04:22
os: Linux-4.4.0-93-generic #116-Ubuntu SMP Fri Aug 11 21:17:51 UTC 2017
nodename: iZwz95x3abi9971tkagtf9Z
machine: x86_64
clock source: unix
pcre jit disabled
detected number of CPU cores: 1
current working directory: /home/admin/web/ishoe/ishoe
detected binary path: /usr/local/bin/uwsgi
uWSGI running as root, you can use --uid/--gid/--chroot options
*** WARNING: you are running uWSGI as root !!! (use the --uid flag) *** 
chdir() to /home/admin/web/ishoe/ishoe/
your processes number limit is 7857
your memory page size is 4096 bytes
detected max file descriptor number: 65535
lock engine: pthread robust mutexes
thunder lock: disabled (you can enable it with --thunder-lock)
probably another instance of uWSGI is running on the same address (0.0.0.0:8001).
bind(): Address already in use [core/socket.c line 769]
[pid: 3429|app: 0|req: 1/1] 106.15.52.246 () {22 vars in 233 bytes} [Thu Mar 29 16:31:04 2018] GET / => generated 785 bytes in 16 msecs (HTTP/1.0 200) 3 headers in 109 bytes (1 switches on core 0)
[pid: 3429|app: 0|req: 2/2] 47.52.210.140 () {22 vars in 234 bytes} [Thu Mar 29 17:36:31 2018] GET / => generated 785 bytes in 1 msecs (HTTP/1.0 200) 3 headers in 109 bytes (1 switches on core 1)
*** Starting uWSGI 2.0.17 (64bit) on [Mon Apr  2 18:26:25 2018] ***
compiled with version: 5.4.0 20160609 on 28 March 2018 13:04:22
os: Linux-4.4.0-116-generic #140-Ubuntu SMP Mon Feb 12 21:23:04 UTC 2018
nodename: iZwz95x3abi9971tkagtf9Z
machine: x86_64
clock source: unix
pcre jit disabled
detected number of CPU cores: 1
current working directory: /home/admin/web/ishoe/ishoe
detected binary path: /usr/local/bin/uwsgi
uWSGI running as root, you can use --uid/--gid/--chroot options
*** WARNING: you are running uWSGI as root !!! (use the --uid flag) *** 
chdir() to /home/admin/web/ishoe/ishoe/
your processes number limit is 7856
your memory page size is 4096 bytes
detected max file descriptor number: 65535
lock engine: pthread robust mutexes
thunder lock: disabled (you can enable it with --thunder-lock)
uWSGI http bound on 127.0.0.1:8001 fd 4
uwsgi socket 0 bound to TCP address 127.0.0.1:37248 (port auto-assigned) fd 3
uWSGI running as root, you can use --uid/--gid/--chroot options
*** WARNING: you are running uWSGI as root !!! (use the --uid flag) *** 
Python version: 2.7.12 (default, Dec  4 2017, 14:50:18)  [GCC 5.4.0 20160609]
Python main interpreter initialized at 0xaca880
uWSGI running as root, you can use --uid/--gid/--chroot options
*** WARNING: you are running uWSGI as root !!! (use the --uid flag) *** 
python threads support enabled
your server socket listen backlog is limited to 100 connections
your mercy for graceful operations on workers is 60 seconds
mapped 824888 bytes (805 KB) for 6 cores
*** Operational MODE: preforking+threaded ***
WSGI app 0 (mountpoint='') ready in 1 seconds on interpreter 0xaca880 pid: 25737 (default app)
uWSGI running as root, you can use --uid/--gid/--chroot options
*** WARNING: you are running uWSGI as root !!! (use the --uid flag) *** 
*** uWSGI is running in multiple interpreter mode ***
spawned uWSGI master process (pid: 25737)
spawned uWSGI worker 1 (pid: 25739, cores: 2)
spawned uWSGI worker 2 (pid: 25740, cores: 2)
spawned uWSGI worker 3 (pid: 25741, cores: 2)
spawned uWSGI http 1 (pid: 25742)
Mon Apr  2 10:27:08 2018 - uWSGI worker 2 screams: UAAAAAAH my master disconnected: i will kill myself !!!
Mon Apr  2 10:27:08 2018 - uWSGI worker 1 screams: UAAAAAAH my master disconnected: i will kill myself !!!
Mon Apr  2 10:27:08 2018 - uWSGI worker 3 screams: UAAAAAAH my master disconnected: i will kill myself !!!
Mon Apr  2 10:27:08 2018 - uWSGI worker 2 screams: UAAAAAAH my master disconnected: i will kill myself !!!
Mon Apr  2 10:27:08 2018 - uWSGI worker 1 screams: UAAAAAAH my master disconnected: i will kill myself !!!
Mon Apr  2 10:27:08 2018 - uWSGI worker 3 screams: UAAAAAAH my master disconnected: i will kill myself !!!
